<?xml version="1.0" encoding="UTF-8"?>
<!-- Generated by org.testng.reporters.JUnitXMLReporter -->
<testsuite ignored="2" hostname="LAPTOP-BHEV3TNG" failures="0" tests="6" name="TestRunner-Chrome" time="208.961" errors="0" timestamp="2025-02-25T18:32:24 IST">
  <testcase classname="com.crmweb.contact_test.V_Tigor_Cont_module_Casess_test" name="createContact_withDate_test" time="8.656"/>
  <testcase classname="com.crmweb.contact_test.V_Tigor_Cont_module_Casess_test" name="createContact_withName_test" time="7.999"/>
  <testcase classname="com.crmweb.contact_test.V_Tigor_Cont_module_Casess_test" name="verifyContactIntegrationTest" time="15.834"/>
  <testcase classname="com.crmweb.org_test.V_Tigor_Org_module_Casess_test" name="createOrg_test" time="7.909"/>
  <testcase classname="com.crmweb.org_test.V_Tigor_Org_module_Casess_test" name="createOrg_with_phoneNumber_test" time="8.357"/>
  <testcase classname="com.crmweb.org_test.V_Tigor_Org_module_Casess_test" name="createOrg_withindustry_test" time="7.62"/>
  <testcase classname="com.crmweb.base_test.BaseClass" name="@BeforeSuite configBS" time="0.0">
    <ignored/>
  </testcase> <!-- @BeforeSuite configBS -->
  <testcase classname="com.crmweb.base_test.BaseClass" name="@AfterSuite configAS" time="0.0">
    <ignored/>
  </testcase> <!-- @AfterSuite configAS -->
</testsuite> <!-- TestRunner-Chrome -->
