<?xml version="1.0" encoding="UTF-8"?>
<!-- Generated by org.testng.reporters.JUnitXMLReporter -->
<testsuite ignored="2" hostname="LAPTOP-BHEV3TNG" failures="0" tests="6" name="TestRunner-Firefox" time="203.035" errors="0" timestamp="2025-02-18T14:44:27 IST">
  <testcase classname="com.crmweb.contact_test.V_Tigor_Cont_module_Casess_test" name="createContact_withDate_test" time="8.534"/>
  <testcase classname="com.crmweb.contact_test.V_Tigor_Cont_module_Casess_test" name="createContact_withName_test" time="7.123"/>
  <testcase classname="com.crmweb.contact_test.V_Tigor_Cont_module_Casess_test" name="verifyContactIntegrationTest" time="15.544"/>
  <testcase classname="com.crmweb.org_test.V_Tigor_Org_module_Casess_test" name="createOrg_test" time="8.006"/>
  <testcase classname="com.crmweb.org_test.V_Tigor_Org_module_Casess_test" name="createOrg_with_phoneNumber_test" time="7.679"/>
  <testcase classname="com.crmweb.org_test.V_Tigor_Org_module_Casess_test" name="createOrg_withindustry_test" time="7.479"/>
  <testcase classname="com.crmweb.base_test.BaseClass" name="@BeforeSuite configBS" time="0.0">
    <ignored/>
  </testcase> <!-- @BeforeSuite configBS -->
  <testcase classname="com.crmweb.base_test.BaseClass" name="@AfterSuite configAS" time="0.0">
    <ignored/>
  </testcase> <!-- @AfterSuite configAS -->
</testsuite> <!-- TestRunner-Firefox -->
