<?xml version="1.0" encoding="UTF-8"?>
<testng-results ignored="2" total="8" passed="6" failed="0" skipped="0">
  <reporter-output>
  </reporter-output>
  <suite started-at="2025-03-19T12:27:29 IST" name="Suite" finished-at="2025-03-19T12:31:04 IST" duration-ms="214772">
    <groups>
      <group name="RegressionTest">
        <method signature="V_Tigor_Cont_module_Casess_test.createContact_withDate_test()[pri:0, instance:com.crmweb.contact_test.V_Tigor_Cont_module_Casess_test@dd05255]" name="createContact_withDate_test" class="com.crmweb.contact_test.V_Tigor_Cont_module_Casess_test"/>
        <method signature="V_Tigor_Cont_module_Casess_test.verifyContactIntegrationTest()[pri:0, instance:com.crmweb.contact_test.V_Tigor_Cont_module_Casess_test@dd05255]" name="verifyContactIntegrationTest" class="com.crmweb.contact_test.V_Tigor_Cont_module_Casess_test"/>
        <method signature="V_Tigor_Org_module_Casess_test.createOrg_with_phoneNumber_test()[pri:0, instance:com.crmweb.org_test.V_Tigor_Org_module_Casess_test@139982de]" name="createOrg_with_phoneNumber_test" class="com.crmweb.org_test.V_Tigor_Org_module_Casess_test"/>
        <method signature="V_Tigor_Org_module_Casess_test.createOrg_withindustry_test()[pri:0, instance:com.crmweb.org_test.V_Tigor_Org_module_Casess_test@139982de]" name="createOrg_withindustry_test" class="com.crmweb.org_test.V_Tigor_Org_module_Casess_test"/>
      </group> <!-- RegressionTest -->
      <group name="smokeTest">
        <method signature="V_Tigor_Cont_module_Casess_test.createContact_withName_test()[pri:0, instance:com.crmweb.contact_test.V_Tigor_Cont_module_Casess_test@dd05255]" name="createContact_withName_test" class="com.crmweb.contact_test.V_Tigor_Cont_module_Casess_test"/>
        <method signature="V_Tigor_Org_module_Casess_test.createOrg_test()[pri:0, instance:com.crmweb.org_test.V_Tigor_Org_module_Casess_test@139982de]" name="createOrg_test" class="com.crmweb.org_test.V_Tigor_Org_module_Casess_test"/>
      </group> <!-- smokeTest -->
    </groups>
    <test started-at="2025-03-19T12:27:29 IST" name="Test" finished-at="2025-03-19T12:31:04 IST" duration-ms="214772">
      <class name="com.crmweb.org_test.V_Tigor_Org_module_Casess_test">
        <test-method is-config="true" signature="configBC()[pri:0, instance:com.crmweb.org_test.V_Tigor_Org_module_Casess_test@139982de]" started-at="2025-03-19T12:29:15 IST" name="configBC" finished-at="2025-03-19T12:29:16 IST" duration-ms="1114" status="PASS">
          <reporter-output>
          </reporter-output>
        </test-method> <!-- configBC -->
        <test-method is-config="true" signature="configBM()[pri:0, instance:com.crmweb.org_test.V_Tigor_Org_module_Casess_test@139982de]" started-at="2025-03-19T12:29:16 IST" name="configBM" finished-at="2025-03-19T12:29:38 IST" duration-ms="21101" status="PASS">
          <reporter-output>
          </reporter-output>
        </test-method> <!-- configBM -->
        <test-method signature="createOrg_test()[pri:0, instance:com.crmweb.org_test.V_Tigor_Org_module_Casess_test@139982de]" started-at="2025-03-19T12:29:38 IST" name="createOrg_test" finished-at="2025-03-19T12:29:49 IST" duration-ms="11588" status="PASS">
          <reporter-output>
          </reporter-output>
        </test-method> <!-- createOrg_test -->
        <test-method is-config="true" signature="configAM()[pri:0, instance:com.crmweb.org_test.V_Tigor_Org_module_Casess_test@139982de]" started-at="2025-03-19T12:29:49 IST" name="configAM" finished-at="2025-03-19T12:29:50 IST" duration-ms="1146" status="PASS">
          <reporter-output>
          </reporter-output>
        </test-method> <!-- configAM -->
        <test-method is-config="true" signature="configBM()[pri:0, instance:com.crmweb.org_test.V_Tigor_Org_module_Casess_test@139982de]" started-at="2025-03-19T12:29:50 IST" name="configBM" finished-at="2025-03-19T12:30:11 IST" duration-ms="20632" status="PASS">
          <reporter-output>
          </reporter-output>
        </test-method> <!-- configBM -->
        <test-method signature="createOrg_with_phoneNumber_test()[pri:0, instance:com.crmweb.org_test.V_Tigor_Org_module_Casess_test@139982de]" started-at="2025-03-19T12:30:11 IST" name="createOrg_with_phoneNumber_test" finished-at="2025-03-19T12:30:24 IST" duration-ms="13420" status="PASS">
          <reporter-output>
          </reporter-output>
        </test-method> <!-- createOrg_with_phoneNumber_test -->
        <test-method is-config="true" signature="configAM()[pri:0, instance:com.crmweb.org_test.V_Tigor_Org_module_Casess_test@139982de]" started-at="2025-03-19T12:30:24 IST" name="configAM" finished-at="2025-03-19T12:30:26 IST" duration-ms="1266" status="PASS">
          <reporter-output>
          </reporter-output>
        </test-method> <!-- configAM -->
        <test-method is-config="true" signature="configBM()[pri:0, instance:com.crmweb.org_test.V_Tigor_Org_module_Casess_test@139982de]" started-at="2025-03-19T12:30:26 IST" name="configBM" finished-at="2025-03-19T12:30:51 IST" duration-ms="25816" status="PASS">
          <reporter-output>
          </reporter-output>
        </test-method> <!-- configBM -->
        <test-method signature="createOrg_withindustry_test()[pri:0, instance:com.crmweb.org_test.V_Tigor_Org_module_Casess_test@139982de]" started-at="2025-03-19T12:30:51 IST" name="createOrg_withindustry_test" finished-at="2025-03-19T12:31:01 IST" duration-ms="9938" status="PASS">
          <reporter-output>
          </reporter-output>
        </test-method> <!-- createOrg_withindustry_test -->
        <test-method is-config="true" signature="configAM()[pri:0, instance:com.crmweb.org_test.V_Tigor_Org_module_Casess_test@139982de]" started-at="2025-03-19T12:31:01 IST" name="configAM" finished-at="2025-03-19T12:31:03 IST" duration-ms="2122" status="PASS">
          <reporter-output>
          </reporter-output>
        </test-method> <!-- configAM -->
        <test-method is-config="true" signature="configAC()[pri:0, instance:com.crmweb.org_test.V_Tigor_Org_module_Casess_test@139982de]" started-at="2025-03-19T12:31:03 IST" name="configAC" finished-at="2025-03-19T12:31:04 IST" duration-ms="562" status="PASS">
          <reporter-output>
          </reporter-output>
        </test-method> <!-- configAC -->
      </class> <!-- com.crmweb.org_test.V_Tigor_Org_module_Casess_test -->
      <class name="com.crmweb.contact_test.V_Tigor_Cont_module_Casess_test">
        <test-method is-config="true" signature="configBS()[pri:0, instance:com.crmweb.contact_test.V_Tigor_Cont_module_Casess_test@dd05255]" started-at="2025-03-19T12:27:29 IST" name="configBS" finished-at="2025-03-19T12:27:29 IST" duration-ms="148" status="PASS">
          <reporter-output>
          </reporter-output>
        </test-method> <!-- configBS -->
        <test-method is-config="true" signature="configBC()[pri:0, instance:com.crmweb.contact_test.V_Tigor_Cont_module_Casess_test@dd05255]" started-at="2025-03-19T12:27:29 IST" name="configBC" finished-at="2025-03-19T12:27:32 IST" duration-ms="2710" status="PASS">
          <reporter-output>
          </reporter-output>
        </test-method> <!-- configBC -->
        <test-method is-config="true" signature="configBM()[pri:0, instance:com.crmweb.contact_test.V_Tigor_Cont_module_Casess_test@dd05255]" started-at="2025-03-19T12:27:32 IST" name="configBM" finished-at="2025-03-19T12:27:55 IST" duration-ms="23177" status="PASS">
          <reporter-output>
          </reporter-output>
        </test-method> <!-- configBM -->
        <test-method signature="createContact_withDate_test()[pri:0, instance:com.crmweb.contact_test.V_Tigor_Cont_module_Casess_test@dd05255]" started-at="2025-03-19T12:27:55 IST" name="createContact_withDate_test" finished-at="2025-03-19T12:28:03 IST" duration-ms="8100" status="PASS">
          <reporter-output>
          </reporter-output>
        </test-method> <!-- createContact_withDate_test -->
        <test-method is-config="true" signature="configAM()[pri:0, instance:com.crmweb.contact_test.V_Tigor_Cont_module_Casess_test@dd05255]" started-at="2025-03-19T12:28:03 IST" name="configAM" finished-at="2025-03-19T12:28:04 IST" duration-ms="985" status="PASS">
          <reporter-output>
          </reporter-output>
        </test-method> <!-- configAM -->
        <test-method is-config="true" signature="configBM()[pri:0, instance:com.crmweb.contact_test.V_Tigor_Cont_module_Casess_test@dd05255]" started-at="2025-03-19T12:28:04 IST" name="configBM" finished-at="2025-03-19T12:28:25 IST" duration-ms="20505" status="PASS">
          <reporter-output>
          </reporter-output>
        </test-method> <!-- configBM -->
        <test-method signature="createContact_withName_test()[pri:0, instance:com.crmweb.contact_test.V_Tigor_Cont_module_Casess_test@dd05255]" started-at="2025-03-19T12:28:25 IST" name="createContact_withName_test" finished-at="2025-03-19T12:28:34 IST" duration-ms="9615" status="PASS">
          <reporter-output>
          </reporter-output>
        </test-method> <!-- createContact_withName_test -->
        <test-method is-config="true" signature="configAM()[pri:0, instance:com.crmweb.contact_test.V_Tigor_Cont_module_Casess_test@dd05255]" started-at="2025-03-19T12:28:34 IST" name="configAM" finished-at="2025-03-19T12:28:35 IST" duration-ms="1035" status="PASS">
          <reporter-output>
          </reporter-output>
        </test-method> <!-- configAM -->
        <test-method is-config="true" signature="configBM()[pri:0, instance:com.crmweb.contact_test.V_Tigor_Cont_module_Casess_test@dd05255]" started-at="2025-03-19T12:28:35 IST" name="configBM" finished-at="2025-03-19T12:28:58 IST" duration-ms="22706" status="PASS">
          <reporter-output>
          </reporter-output>
        </test-method> <!-- configBM -->
        <test-method signature="verifyContactIntegrationTest()[pri:0, instance:com.crmweb.contact_test.V_Tigor_Cont_module_Casess_test@dd05255]" started-at="2025-03-19T12:28:58 IST" name="verifyContactIntegrationTest" finished-at="2025-03-19T12:29:14 IST" duration-ms="15679" status="PASS">
          <reporter-output>
          </reporter-output>
        </test-method> <!-- verifyContactIntegrationTest -->
        <test-method is-config="true" signature="configAM()[pri:0, instance:com.crmweb.contact_test.V_Tigor_Cont_module_Casess_test@dd05255]" started-at="2025-03-19T12:29:14 IST" name="configAM" finished-at="2025-03-19T12:29:15 IST" duration-ms="1110" status="PASS">
          <reporter-output>
          </reporter-output>
        </test-method> <!-- configAM -->
        <test-method is-config="true" signature="configAC()[pri:0, instance:com.crmweb.contact_test.V_Tigor_Cont_module_Casess_test@dd05255]" started-at="2025-03-19T12:29:15 IST" name="configAC" finished-at="2025-03-19T12:29:15 IST" duration-ms="383" status="PASS">
          <reporter-output>
          </reporter-output>
        </test-method> <!-- configAC -->
        <test-method is-config="true" signature="configAS()[pri:0, instance:com.crmweb.contact_test.V_Tigor_Cont_module_Casess_test@dd05255]" started-at="2025-03-19T12:31:04 IST" name="configAS" finished-at="2025-03-19T12:31:04 IST" duration-ms="1" status="PASS">
          <reporter-output>
          </reporter-output>
        </test-method> <!-- configAS -->
      </class> <!-- com.crmweb.contact_test.V_Tigor_Cont_module_Casess_test -->
    </test> <!-- Test -->
  </suite> <!-- Suite -->
</testng-results>
