<?xml version="1.0" encoding="UTF-8"?>
<!-- Generated by org.testng.reporters.JUnitXMLReporter -->
<testsuite ignored="0" hostname="LAPTOP-BHEV3TNG" failures="0" tests="3" name="Default test" time="192.952" errors="0" timestamp="2025-02-25T23:14:44 IST">
  <testcase classname="com.crmweb.org_test.V_Tigor_Org_module_Casess_test" name="createOrg_test" time="41.39"/>
  <testcase classname="com.crmweb.org_test.V_Tigor_Org_module_Casess_test" name="createOrg_with_phoneNumber_test" time="16.054"/>
  <testcase classname="com.crmweb.org_test.V_Tigor_Org_module_Casess_test" name="createOrg_withindustry_test" time="15.079"/>
</testsuite> <!-- Default test -->
